<?xml version="1.0" encoding="UTF-8"?>
<!-- Generated by org.testng.reporters.JUnitXMLReporter -->
<testsuite ignored="0" hostname="LAPTOP-28KS5UKO" failures="0" tests="4" name="Default test" time="55.151" errors="0" timestamp="2022-02-10T09:37:06 IST">
  <testcase classname="com.vk.naveenTest.loginData" name="loginTest" time="1.664"/>
  <testcase classname="com.vk.naveenTest.loginData" name="loginTest" time="8.765"/>
  <testcase classname="com.vk.naveenTest.loginData" name="loginTest" time="1.32"/>
  <testcase classname="com.vk.naveenTest.loginData" name="loginTest" time="7.551"/>
</testsuite> <!-- Default test -->
