<?xml version="1.0" encoding="UTF-8"?>
<!-- Generated by org.testng.reporters.JUnitXMLReporter -->
<testsuite ignored="0" hostname="LAPTOP-28KS5UKO" failures="0" tests="3" name="allTest" time="0.006" errors="0" timestamp="2022-01-12T18:39:39 IST">
  <testcase classname="com.vk.groupTest.ignoreTest1" name="test1" time="0.001"/>
  <testcase classname="com.vk.groupTest.ignoreTest1" name="test2" time="0.001"/>
  <testcase classname="com.vk.groupTest.ignoreTest1" name="test3" time="0.0"/>
</testsuite> <!-- allTest -->
