<?xml version="1.0" encoding="UTF-8"?>
<!-- Generated by org.testng.reporters.JUnitXMLReporter -->
<testsuite ignored="2" hostname="LAPTOP-28KS5UKO" failures="0" tests="1" name="groupTest" time="0.03" errors="0" timestamp="2022-01-12T10:34:23 IST">
  <testcase classname="com.vk.groupTest.ignoreTest1" name="test2" time="0.007"/>
  <testcase classname="com.vk.groupTest.ignoreTest1" name="test3" time="0.0">
    <ignored/>
  </testcase> <!-- test3 -->
  <testcase classname="com.vk.groupTest.ignoreTest1" name="test1" time="0.0">
    <ignored/>
  </testcase> <!-- test1 -->
</testsuite> <!-- groupTest -->
