<?xml version="1.0" encoding="UTF-8"?>
<!-- Generated by org.testng.reporters.JUnitXMLReporter -->
<testsuite ignored="5" hostname="LAPTOP-28KS5UKO" failures="0" tests="2" name="sanityTest" time="0.003" errors="0" timestamp="2022-01-12T10:07:11 IST">
  <testcase classname="com.vk.groupTest.ignoreTest1" name="test2" time="0.001"/>
  <testcase classname="com.vk.groupTest.ignoreTest2" name="test4" time="0.001"/>
  <testcase classname="com.vk.groupTest.ignoreTest1" name="test3" time="0.0">
    <ignored/>
  </testcase> <!-- test3 -->
  <testcase classname="com.vk.groupTest.ignoreTest2" name="test5" time="0.0">
    <ignored/>
  </testcase> <!-- test5 -->
  <testcase classname="com.vk.groupTest.ignoreTest2" name="test6" time="0.0">
    <ignored/>
  </testcase> <!-- test6 -->
  <testcase classname="com.vk.groupTest.ignoreTest2" name="test7" time="0.0">
    <ignored/>
  </testcase> <!-- test7 -->
  <testcase classname="com.vk.groupTest.ignoreTest1" name="test1" time="0.0">
    <ignored/>
  </testcase> <!-- test1 -->
</testsuite> <!-- sanityTest -->
