<?xml version="1.0" encoding="UTF-8"?>
<!-- Generated by org.testng.reporters.JUnitXMLReporter -->
<testsuite ignored="0" hostname="LAPTOP-28KS5UKO" failures="0" tests="3" name="Test2" time="0.052" errors="0" timestamp="2022-01-28T20:27:42 IST">
  <testcase classname="com.vk.parallelTest.TestClass2" name="testMethod5" time="0.009"/>
  <testcase classname="com.vk.parallelTest.TestClass2" name="testMethod6" time="0.001"/>
  <testcase classname="com.vk.parallelTest.TestClass2" name="testMethod7" time="0.001"/>
</testsuite> <!-- Test2 -->
