<?xml version="1.0" encoding="UTF-8"?>
<!-- Generated by org.testng.reporters.JUnitXMLReporter -->
<testsuite ignored="0" hostname="LAPTOP-28KS5UKO" failures="0" tests="3" name="Test3" time="0.007" errors="0" timestamp="2022-01-28T20:27:42 IST">
  <testcase classname="com.vk.parallelTest.TestClass3" name="testMethod10" time="0.002"/>
  <testcase classname="com.vk.parallelTest.TestClass3" name="testMethod8" time="0.001"/>
  <testcase classname="com.vk.parallelTest.TestClass3" name="testMethod9" time="0.0"/>
</testsuite> <!-- Test3 -->
