<?xml version="1.0" encoding="UTF-8"?>
<!-- Generated by org.testng.reporters.JUnitXMLReporter -->
<testsuite ignored="0" hostname="LAPTOP-28KS5UKO" failures="0" tests="4" name="Test1" time="0.053" errors="0" timestamp="2022-01-28T20:27:42 IST">
  <testcase classname="com.vk.parallelTest.TestClass1" name="testMethod1" time="0.009"/>
  <testcase classname="com.vk.parallelTest.TestClass1" name="testMethod2" time="0.001"/>
  <testcase classname="com.vk.parallelTest.TestClass1" name="testMethod3" time="0.001"/>
  <testcase classname="com.vk.parallelTest.TestClass1" name="testMethod4" time="0.001"/>
</testsuite> <!-- Test1 -->
