<?xml version="1.0" encoding="UTF-8"?>
<!-- Generated by org.testng.reporters.JUnitXMLReporter -->
<testsuite ignored="2" hostname="LAPTOP-28KS5UKO" failures="0" tests="3" name="OrangeHRMLogin" time="36.828" errors="0" timestamp="2022-02-09T14:49:39 IST">
  <testcase classname="com.vk.test.OrangeHRM" name="launchApp" time="4.862"/>
  <testcase classname="com.vk.test.OrangeHRM" name="loginDetails" time="5.766"/>
  <testcase classname="com.vk.test.OrangeHRM" name="verifyLogin" time="0.124"/>
  <testcase classname="com.vk.test.OrangeHRM" name="verifyMyInfo" time="0.0">
    <ignored/>
  </testcase> <!-- verifyMyInfo -->
  <testcase classname="com.vk.test.OrangeHRM" name="navigateToMyInfo" time="0.0">
    <ignored/>
  </testcase> <!-- navigateToMyInfo -->
</testsuite> <!-- OrangeHRMLogin -->
