<?xml version="1.0" encoding="UTF-8"?>
<!-- Generated by org.testng.reporters.JUnitXMLReporter -->
<testsuite ignored="1" hostname="LAPTOP-28KS5UKO" failures="0" tests="4" name="OrangeHRMmyInfo" time="15.206" errors="0" timestamp="2022-01-10T15:38:23 IST">
  <testcase classname="com.vk.test.OrangeHRM" name="launchApp" time="3.709"/>
  <testcase classname="com.vk.test.OrangeHRM" name="loginDetails" time="4.961"/>
  <testcase classname="com.vk.test.OrangeHRM" name="navigateToMyInfo" time="2.011"/>
  <testcase classname="com.vk.test.OrangeHRM" name="verifyMyInfo" time="0.027"/>
  <testcase classname="com.vk.test.OrangeHRM" name="verifyLogin" time="0.0">
    <ignored/>
  </testcase> <!-- verifyLogin -->
</testsuite> <!-- OrangeHRMmyInfo -->
