<?xml version="1.0" encoding="UTF-8"?>
<!-- Generated by org.testng.reporters.JUnitXMLReporter -->
<testsuite ignored="0" hostname="LAPTOP-28KS5UKO" failures="0" tests="6" name="priorityTest" time="0.046" errors="0" timestamp="2022-01-10T18:50:05 IST">
  <testcase classname="com.vk.test.FlightBookingTest" name="BooktheFlight" time="0.007"/>
  <testcase classname="com.vk.test.FlightBookingTest" name="LogIn" time="0.001"/>
  <testcase classname="com.vk.test.FlightBookingTest" name="LogOut" time="0.0"/>
  <testcase classname="com.vk.test.FlightBookingTest" name="SaveTheTicket" time="0.001"/>
  <testcase classname="com.vk.test.FlightBookingTest" name="SearchForFlight" time="0.0"/>
  <testcase classname="com.vk.test.FlightBookingTest" name="SignUp" time="0.001"/>
</testsuite> <!-- priorityTest -->
