<?xml version="1.0" encoding="UTF-8"?>
<!-- Generated by org.testng.reporters.JUnitXMLReporter -->
<testsuite ignored="5" hostname="LAPTOP-28KS5UKO" failures="0" tests="0" time="0.008" errors="0" timestamp="2022-01-11T09:25:18 IST">
  <testcase classname="com.vk.demoTest.ignoreTest1" name="test1" time="0.0">
    <ignored/>
  </testcase> <!-- test1 -->
  <testcase classname="com.vk.demoTest.ignoreTest2" name="test6" time="0.0">
    <ignored/>
  </testcase> <!-- test6 -->
  <testcase classname="com.vk.demoTest.ignoreTest2" name="test4" time="0.0">
    <ignored/>
  </testcase> <!-- test4 -->
  <testcase classname="com.vk.demoTest.ignoreTest1" name="test3" time="0.0">
    <ignored/>
  </testcase> <!-- test3 -->
  <testcase classname="com.vk.demoTest.ignoreTest2" name="test5" time="0.0">
    <ignored/>
  </testcase> <!-- test5 -->
</testsuite>
